<?xml version="1.0" encoding="UTF-8"?>
<!-- Generated by org.testng.reporters.JUnitReportReporter -->
<testsuite skipped="0" hostname="PRINHYLTPAP0567.local" name="CircleCIIntegration.CircleCIIntegration.CircleCiTest" tests="1" failures="0" timestamp="03 Jul 2018 08:35:35 GMT" time="3.685" errors="0">
  <testcase name="googleTest" time="3.685" classname="CircleCIIntegration.CircleCIIntegration.CircleCiTest"/>
</testsuite> <!-- CircleCIIntegration.CircleCIIntegration.CircleCiTest -->
