<?xml version="1.0" encoding="UTF-8"?>
<!-- Generated by org.testng.reporters.JUnitReportReporter -->
<testsuite skipped="0" hostname="PRINHYLTPAP0567.local" name="CircleCIIntegration.CircleCIIntegration.CircleCiTest" tests="1" failures="0" timestamp="07 Jul 2018 05:46:40 GMT" time="30.270" errors="0">
  <testcase name="googleTest" time="30.270" classname="CircleCIIntegration.CircleCIIntegration.CircleCiTest"/>
</testsuite> <!-- CircleCIIntegration.CircleCIIntegration.CircleCiTest -->
