<?xml version="1.0" encoding="UTF-8"?>
<!-- Generated by org.testng.reporters.JUnitReportReporter -->
<testsuite skipped="0" hostname="PRINHYLTPAP0567.local" name="CircleCIIntegration.CircleCIIntegration.CircleCiTest" tests="1" failures="0" timestamp="13 Jun 2018 10:36:37 GMT" time="0.017" errors="0">
  <testcase name="googleTest" time="0.017" classname="CircleCIIntegration.CircleCIIntegration.CircleCiTest"/>
</testsuite> <!-- CircleCIIntegration.CircleCIIntegration.CircleCiTest -->
